Using pre-set license
Built from '2020.3/staging' branch; Version is '2020.3.4f1 (0abb6314276a) revision 703331'; Using compiler version '192528614'; Build Type 'Release'
OS: 'Windows 10 Home; OS build 19042.928; Version 2009; 64bit' Language: 'en' Physical Memory: 16282 MB
BatchMode: 1, IsHumanControllingUs: 0, StartBugReporterOnCrash: 0, Is64bit: 1, IsPro: 0

 COMMAND LINE ARGUMENTS:
C:\Program Files\Unity\Hub\Editor\2020.3.4f1\Editor\Unity.exe
-adb2
-batchMode
-noUpm
-name
AssetImportWorker0
-projectPath
F:/Unity/projects/Brick Bounce
-logFile
Logs/AssetImportWorker0.log
-srvPort
61407
Successfully changed project path to: F:/Unity/projects/Brick Bounce
F:/Unity/projects/Brick Bounce
Using Asset Import Pipeline V2.
Refreshing native plugins compatible for Editor in 40.48 ms, found 1 plugins.
Preloading 0 native plugins for Editor in 0.00 ms.
Initialize engine version: 2020.3.4f1 (0abb6314276a)
[Subsystems] Discovering subsystems at path C:/Program Files/Unity/Hub/Editor/2020.3.4f1/Editor/Data/Resources/UnitySubsystems
[Subsystems] Discovering subsystems at path F:/Unity/projects/Brick Bounce/Assets
GfxDevice: creating device client; threaded=0
Direct3D:
    Version:  Direct3D 11.0 [level 11.1]
    Renderer: AMD Radeon R7 M440 (ID=0x6900)
    Vendor:   
    VRAM:     4086 MB
    Driver:   27.20.1034.6
Initialize mono
Mono path[0] = 'C:/Program Files/Unity/Hub/Editor/2020.3.4f1/Editor/Data/Managed'
Mono path[1] = 'C:/Program Files/Unity/Hub/Editor/2020.3.4f1/Editor/Data/MonoBleedingEdge/lib/mono/unityjit'
Mono config path = 'C:/Program Files/Unity/Hub/Editor/2020.3.4f1/Editor/Data/MonoBleedingEdge/etc'
Using monoOptions --debugger-agent=transport=dt_socket,embedding=1,server=y,suspend=n,address=127.0.0.1:56204
Begin MonoManager ReloadAssembly
Registering precompiled unity dll's ...
Register platform support module: C:/Program Files/Unity/Hub/Editor/2020.3.4f1/Editor/Data/PlaybackEngines/WebGLSupport/UnityEditor.WebGL.Extensions.dll
Register platform support module: C:/Program Files/Unity/Hub/Editor/2020.3.4f1/Editor/Data/PlaybackEngines/WindowsStandaloneSupport/UnityEditor.WindowsStandalone.Extensions.dll
Registered in 0.002680 seconds.
Native extension for WindowsStandalone target not found
Native extension for WebGL target not found
Refreshing native plugins compatible for Editor in 39.23 ms, found 1 plugins.
Preloading 0 native plugins for Editor in 0.00 ms.
Mono: successfully reloaded assembly
- Completed reload, in  1.400 seconds
Platform modules already initialized, skipping
Registering precompiled user dll's ...
Registered in 0.000842 seconds.
Begin MonoManager ReloadAssembly
Native extension for WindowsStandalone target not found
Native extension for WebGL target not found
Refreshing native plugins compatible for Editor in 38.55 ms, found 1 plugins.
Preloading 0 native plugins for Editor in 0.00 ms.
Mono: successfully reloaded assembly
- Completed reload, in  0.991 seconds
Platform modules already initialized, skipping
========================================================================
Worker process is ready to serve import requests
Launched and connected shader compiler UnityShaderCompiler.exe after 0.04 seconds
Refreshing native plugins compatible for Editor in 0.33 ms, found 1 plugins.
Preloading 0 native plugins for Editor in 0.00 ms.
Unloading 1811 Unused Serialized files (Serialized files now loaded: 0)
System memory in use before: 85.0 MB.
System memory in use after: 84.9 MB.

Unloading 24 unused Assets to reduce memory usage. Loaded Objects now: 2253.
Total: 2.778600 ms (FindLiveObjects: 0.499200 ms CreateObjectMapping: 0.193900 ms MarkObjects: 1.933100 ms  DeleteObjects: 0.151300 ms)

========================================================================
Received Import Request.
  path: Assets/Sprites/BrownBrickHalf2.png
  artifactKey: Guid(5fe8b2c44c0342241ae6c2ca2e8a20c2) Importer(815301076,1909f56bfc062723c751e8b465ee728b)
Start importing Assets/Sprites/BrownBrickHalf2.png using Guid(5fe8b2c44c0342241ae6c2ca2e8a20c2) Importer(815301076,1909f56bfc062723c751e8b465ee728b)  -> (artifact id: '15ca2446640f31ccc62f37a87677b03d') in 0.150538 seconds
  Import took 0.154780 seconds .

========================================================================
Received Prepare
Registering precompiled user dll's ...
Registered in 0.000792 seconds.
Begin MonoManager ReloadAssembly
Native extension for WindowsStandalone target not found
Native extension for WebGL target not found
Refreshing native plugins compatible for Editor in 0.36 ms, found 1 plugins.
Preloading 0 native plugins for Editor in 0.00 ms.
Mono: successfully reloaded assembly
- Completed reload, in  1.140 seconds
Platform modules already initialized, skipping
Refreshing native plugins compatible for Editor in 0.54 ms, found 1 plugins.
Preloading 0 native plugins for Editor in 0.00 ms.
Unloading 1806 Unused Serialized files (Serialized files now loaded: 0)
System memory in use before: 88.0 MB.
System memory in use after: 87.9 MB.

Unloading 12 unused Assets to reduce memory usage. Loaded Objects now: 2263.
Total: 2.830600 ms (FindLiveObjects: 0.220900 ms CreateObjectMapping: 0.079400 ms MarkObjects: 2.390100 ms  DeleteObjects: 0.138700 ms)

========================================================================
Received Import Request.
  Time since last request: 404.953106 seconds.
  path: Assets/Sprites/BlackBrickHalf2.png
  artifactKey: Guid(718309689f213c942a1071f6f743747d) Importer(815301076,1909f56bfc062723c751e8b465ee728b)
Start importing Assets/Sprites/BlackBrickHalf2.png using Guid(718309689f213c942a1071f6f743747d) Importer(815301076,1909f56bfc062723c751e8b465ee728b)  -> (artifact id: '40f16d3d3275c5a5dcb7a27c462916a9') in 0.086184 seconds
  Import took 0.090657 seconds .

========================================================================
Received Prepare
Registering precompiled user dll's ...
Registered in 0.000804 seconds.
Begin MonoManager ReloadAssembly
Native extension for WindowsStandalone target not found
Native extension for WebGL target not found
Refreshing native plugins compatible for Editor in 0.39 ms, found 1 plugins.
Preloading 0 native plugins for Editor in 0.00 ms.
Mono: successfully reloaded assembly
- Completed reload, in  0.916 seconds
Platform modules already initialized, skipping
Refreshing native plugins compatible for Editor in 0.51 ms, found 1 plugins.
Preloading 0 native plugins for Editor in 0.00 ms.
Unloading 1806 Unused Serialized files (Serialized files now loaded: 0)
System memory in use before: 88.0 MB.
System memory in use after: 88.0 MB.

Unloading 12 unused Assets to reduce memory usage. Loaded Objects now: 2270.
Total: 10.870200 ms (FindLiveObjects: 0.795400 ms CreateObjectMapping: 0.278400 ms MarkObjects: 9.621800 ms  DeleteObjects: 0.171900 ms)

========================================================================
Received Import Request.
  Time since last request: 14.094190 seconds.
  path: Assets/Sprites/BrownBrickHalf1.png
  artifactKey: Guid(bdd362838dbe48342a1868321acf697e) Importer(815301076,1909f56bfc062723c751e8b465ee728b)
Start importing Assets/Sprites/BrownBrickHalf1.png using Guid(bdd362838dbe48342a1868321acf697e) Importer(815301076,1909f56bfc062723c751e8b465ee728b)  -> (artifact id: '8b1112a3af14d29196f8ed5cdd011d86') in 0.067757 seconds
  Import took 0.071051 seconds .

========================================================================
Received Import Request.
  Time since last request: 4.879352 seconds.
  path: Assets/Sprites/Cloud_1.png
  artifactKey: Guid(6569f050eb039b347b19b50bd2aa4c7a) Importer(815301076,1909f56bfc062723c751e8b465ee728b)
Start importing Assets/Sprites/Cloud_1.png using Guid(6569f050eb039b347b19b50bd2aa4c7a) Importer(815301076,1909f56bfc062723c751e8b465ee728b)  -> (artifact id: '9ad5fd9504aff25f3658240675e3bbd2') in 0.021857 seconds
  Import took 0.026820 seconds .

========================================================================
Received Import Request.
  Time since last request: 32.018273 seconds.
  path: Assets/Sprites/BrickHalf1.png
  artifactKey: Guid(bdd362838dbe48342a1868321acf697e) Importer(815301076,1909f56bfc062723c751e8b465ee728b)
Start importing Assets/Sprites/BrickHalf1.png using Guid(bdd362838dbe48342a1868321acf697e) Importer(815301076,1909f56bfc062723c751e8b465ee728b)  -> (artifact id: '8b7c49c5a1d3372de46b34b107ba44cc') in 0.017653 seconds
  Import took 0.021595 seconds .

========================================================================
Received Import Request.
  Time since last request: 10.414554 seconds.
  path: Assets/Sprites/BrickHalf2.png
  artifactKey: Guid(5fe8b2c44c0342241ae6c2ca2e8a20c2) Importer(815301076,1909f56bfc062723c751e8b465ee728b)
Start importing Assets/Sprites/BrickHalf2.png using Guid(5fe8b2c44c0342241ae6c2ca2e8a20c2) Importer(815301076,1909f56bfc062723c751e8b465ee728b)  -> (artifact id: '31af3c3eb18eb5a8d04b4d290a301c19') in 0.017493 seconds
  Import took 0.022625 seconds .

AssetImportWorkerClient::OnTransportError - code=2 error=End of file
